2025-10-13T22:09:02:    ▲ Next.js 15.5.4
2025-10-13T22:09:02:    - Local:        http://localhost:3333
2025-10-13T22:09:02:    - Network:      http://192.168.1.86:3333
2025-10-13T22:09:02: 
2025-10-13T22:09:02:  ✓ Starting...
2025-10-13T22:09:02:    ▲ Next.js 15.5.4
2025-10-13T22:09:02:    - Local:        http://localhost:3333
2025-10-13T22:09:02:    - Network:      http://192.168.1.86:3333
2025-10-13T22:09:02: 
2025-10-13T22:09:02:  ✓ Starting...
2025-10-13T22:09:03:    ▲ Next.js 15.5.4
2025-10-13T22:09:03:    - Local:        http://localhost:3333
2025-10-13T22:09:03:    - Network:      http://192.168.1.86:3333
2025-10-13T22:09:03: 
2025-10-13T22:09:03:  ✓ Starting...
2025-10-13T22:09:04:    ▲ Next.js 15.5.4
2025-10-13T22:09:04:    - Local:        http://localhost:3333
2025-10-13T22:09:04:    - Network:      http://192.168.1.86:3333
2025-10-13T22:09:04: 
2025-10-13T22:09:04:  ✓ Starting...
2025-10-13T22:09:04:    ▲ Next.js 15.5.4
2025-10-13T22:09:04:    - Local:        http://localhost:3333
2025-10-13T22:09:04:    - Network:      http://192.168.1.86:3333
2025-10-13T22:09:04: 
2025-10-13T22:09:04:  ✓ Starting...
2025-10-13T22:09:05:    ▲ Next.js 15.5.4
2025-10-13T22:09:05:    - Local:        http://localhost:3333
2025-10-13T22:09:05:    - Network:      http://192.168.1.86:3333
2025-10-13T22:09:05: 
2025-10-13T22:09:05:  ✓ Starting...
2025-10-13T22:09:06:    ▲ Next.js 15.5.4
2025-10-13T22:09:06:    - Local:        http://localhost:3333
2025-10-13T22:09:06:    - Network:      http://192.168.1.86:3333
2025-10-13T22:09:06: 
2025-10-13T22:09:06:  ✓ Starting...
2025-10-13T22:09:06:    ▲ Next.js 15.5.4
2025-10-13T22:09:06:    - Local:        http://localhost:3333
2025-10-13T22:09:06:    - Network:      http://192.168.1.86:3333
2025-10-13T22:09:06: 
2025-10-13T22:09:06:  ✓ Starting...
2025-10-13T22:09:07:    ▲ Next.js 15.5.4
2025-10-13T22:09:07:    - Local:        http://localhost:3333
2025-10-13T22:09:07:    - Network:      http://192.168.1.86:3333
2025-10-13T22:09:07: 
2025-10-13T22:09:07:  ✓ Starting...
2025-10-13T22:09:08:    ▲ Next.js 15.5.4
2025-10-13T22:09:08:    - Local:        http://localhost:3333
2025-10-13T22:09:08:    - Network:      http://192.168.1.86:3333
2025-10-13T22:09:08: 
2025-10-13T22:09:08:  ✓ Starting...
2025-10-13T22:09:09:    ▲ Next.js 15.5.4
2025-10-13T22:09:09:    - Local:        http://localhost:3333
2025-10-13T22:09:09:    - Network:      http://192.168.1.86:3333
2025-10-13T22:09:09: 
2025-10-13T22:09:09:  ✓ Starting...
2025-10-13T22:09:09:    ▲ Next.js 15.5.4
2025-10-13T22:09:09:    - Local:        http://localhost:3333
2025-10-13T22:09:09:    - Network:      http://192.168.1.86:3333
2025-10-13T22:09:09: 
2025-10-13T22:09:09:  ✓ Starting...
2025-10-13T22:09:10:    ▲ Next.js 15.5.4
2025-10-13T22:09:10:    - Local:        http://localhost:3333
2025-10-13T22:09:10:    - Network:      http://192.168.1.86:3333
2025-10-13T22:09:10: 
2025-10-13T22:09:10:  ✓ Starting...
2025-10-13T22:09:11:    ▲ Next.js 15.5.4
2025-10-13T22:09:11:    - Local:        http://localhost:3333
2025-10-13T22:09:11:    - Network:      http://192.168.1.86:3333
2025-10-13T22:09:11: 
2025-10-13T22:09:11:  ✓ Starting...
2025-10-13T22:09:11:    ▲ Next.js 15.5.4
2025-10-13T22:09:11:    - Local:        http://localhost:3333
2025-10-13T22:09:11:    - Network:      http://192.168.1.86:3333
2025-10-13T22:09:11: 
2025-10-13T22:09:11:  ✓ Starting...
2025-10-13T22:09:12:    ▲ Next.js 15.5.4
2025-10-13T22:09:12:    - Local:        http://localhost:3333
2025-10-13T22:09:12:    - Network:      http://192.168.1.86:3333
2025-10-13T22:09:12: 
2025-10-13T22:09:12:  ✓ Starting...
2025-10-13T22:09:13:    ▲ Next.js 15.5.4
2025-10-13T22:09:13:    - Local:        http://localhost:3333
2025-10-13T22:09:13:    - Network:      http://192.168.1.86:3333
2025-10-13T22:09:13: 
2025-10-13T22:09:13:  ✓ Starting...
2025-10-13T22:16:23:    ▲ Next.js 15.5.4
2025-10-13T22:16:23:    - Local:        http://localhost:3333
2025-10-13T22:16:23:    - Network:      http://192.168.1.86:3333
2025-10-13T22:16:23: 
2025-10-13T22:16:23:  ✓ Starting...
2025-10-13T22:16:24:  ✓ Ready in 718ms
2025-10-13T22:27:11:    ▲ Next.js 15.5.4
2025-10-13T22:27:11:    - Local:        http://localhost:3333
2025-10-13T22:27:11:    - Network:      http://192.168.1.86:3333
2025-10-13T22:27:11: 
2025-10-13T22:27:11:  ✓ Starting...
2025-10-13T22:27:12:  ✓ Ready in 752ms
2025-10-13T22:28:46:    ▲ Next.js 15.5.4
2025-10-13T22:28:46:    - Local:        http://localhost:3333
2025-10-13T22:28:46:    - Network:      http://192.168.1.86:3333
2025-10-13T22:28:46: 
2025-10-13T22:28:46:  ✓ Starting...
2025-10-13T22:28:47:  ✓ Ready in 733ms
2025-10-13T22:28:53:    ▲ Next.js 15.5.4
2025-10-13T22:28:53:    - Local:        http://localhost:3333
2025-10-13T22:28:53:    - Network:      http://192.168.1.86:3333
2025-10-13T22:28:53: 
2025-10-13T22:28:53:  ✓ Starting...
2025-10-13T22:28:54:  ✓ Ready in 611ms
